This is initialization/shutdown log cleaned up to the point where the map is loaded.


[2019.12.19-14.01.51:435][448]LoadErrors: New page: Loading map: MAP_INIT_ORDER.umap
[2019.12.19-14.01.51:608][448]LogWorld: UWorld::CleanupWorld for Untitled_1, bSessionEnded=true, bCleanupResources=true
[2019.12.19-14.01.51:639][448]MapCheck: New page: Map Check
[2019.12.19-14.01.51:639][448]LightingResults: New page: Lighting Build
[2019.12.19-14.01.52:097][448]LogUObjectHash: Compacting FUObjectHashTables data took  15.43ms
[2019.12.19-14.01.53:377][448]LogEditorServer: Finished looking for orphan Actors (0.000 secs)
[2019.12.19-14.01.53:621][448]LogUObjectHash: Compacting FUObjectHashTables data took  18.08ms
[2019.12.19-14.01.53:766][448]Cmd: MAP CHECKDEP NOCLEARLOG
[2019.12.19-14.01.53:769][448]MapCheck: Map check complete: 0 Error(s), 0 Warning(s), took 1,802ms to complete.
[2019.12.19-14.01.53:771][448]LogFileHelpers: Loading map 'MAP_INIT_ORDER' took 2.485
[2019.12.19-14.01.53:943][448]MyLog: ATUPawn::ATUPawn:  (line: 21 : D:\UNR_SCRIPT\SNIPPETS\InitOrder\ProjInitOrder\Source\ProjInitOrder\Util\TestUtil\TUPawn.cpp ) : Block entered
[2019.12.19-14.01.53:946][448]MyLog: ULogUtilLib::LogKeyedNameClassSafeC: This : (name="BP_TUPawn_C_0" class="BP_TUPawn_C") (line: 74 : D:\UNR_SCRIPT\SNIPPETS\InitOrder\ProjInitOrder\Source\ProjInitOrder\Util\Core\LogUtilLib.cpp )
[2019.12.19-14.01.53:950][448]MyLog: ATUPawn::InitMesh: Default mesh ("StaticMesh'/Game/StarterContent/Shapes/Shape_Cube.Shape_Cube'") found, setting it up (line: 172 : D:\UNR_SCRIPT\SNIPPETS\InitOrder\ProjInitOrder\Source\ProjInitOrder\Util\TestUtil\TUPawn.cpp )
[2019.12.19-14.01.53:955][448]MyLog: ATUPawn::ATUPawn:  (line: 21 : D:\UNR_SCRIPT\SNIPPETS\InitOrder\ProjInitOrder\Source\ProjInitOrder\Util\TestUtil\TUPawn.cpp ) : Exiting block
[2019.12.19-14.01.53:958][448]MyLog: ATUPawn::PostInitProperties:  (line: 87 : D:\UNR_SCRIPT\SNIPPETS\InitOrder\ProjInitOrder\Source\ProjInitOrder\Util\TestUtil\TUPawn.cpp ) : Block entered
[2019.12.19-14.01.53:962][448]MyLog: ULogUtilLib::LogKeyedNameClassSafeC: This : (name="BP_TUPawn_C_0" class="BP_TUPawn_C") (line: 74 : D:\UNR_SCRIPT\SNIPPETS\InitOrder\ProjInitOrder\Source\ProjInitOrder\Util\Core\LogUtilLib.cpp )
[2019.12.19-14.01.53:966][448]MyLog: ATUPawn::PostInitProperties:  (line: 87 : D:\UNR_SCRIPT\SNIPPETS\InitOrder\ProjInitOrder\Source\ProjInitOrder\Util\TestUtil\TUPawn.cpp ) : Exiting block
[2019.12.19-14.01.53:970][448]MyLog: ATUPawn::PreRegisterAllComponents:  (line: 93 : D:\UNR_SCRIPT\SNIPPETS\InitOrder\ProjInitOrder\Source\ProjInitOrder\Util\TestUtil\TUPawn.cpp ) : Block entered
[2019.12.19-14.01.53:975][448]MyLog: ULogUtilLib::LogKeyedNameClassSafeC: This : (name="BP_TUPawn_C_0" class="BP_TUPawn_C") (line: 74 : D:\UNR_SCRIPT\SNIPPETS\InitOrder\ProjInitOrder\Source\ProjInitOrder\Util\Core\LogUtilLib.cpp )
[2019.12.19-14.01.53:980][448]MyLog: ATUPawn::PreRegisterAllComponents:  (line: 93 : D:\UNR_SCRIPT\SNIPPETS\InitOrder\ProjInitOrder\Source\ProjInitOrder\Util\TestUtil\TUPawn.cpp ) : Exiting block
[2019.12.19-14.01.54:031][448]MyLog: ATUPawn::PostRegisterAllComponents:  (line: 100 : D:\UNR_SCRIPT\SNIPPETS\InitOrder\ProjInitOrder\Source\ProjInitOrder\Util\TestUtil\TUPawn.cpp ) : Block entered
[2019.12.19-14.01.54:036][448]MyLog: ULogUtilLib::LogKeyedNameClassSafeC: This : (name="BP_TUPawn_C_0" class="BP_TUPawn_C") (line: 74 : D:\UNR_SCRIPT\SNIPPETS\InitOrder\ProjInitOrder\Source\ProjInitOrder\Util\Core\LogUtilLib.cpp )
[2019.12.19-14.01.54:041][448]MyLog: ATUPawn::PostRegisterAllComponents:  (line: 100 : D:\UNR_SCRIPT\SNIPPETS\InitOrder\ProjInitOrder\Source\ProjInitOrder\Util\TestUtil\TUPawn.cpp ) : Exiting block
[2019.12.19-14.01.54:048][448]MyLog: ATUPawn::PreInitializeComponents:  (line: 107 : D:\UNR_SCRIPT\SNIPPETS\InitOrder\ProjInitOrder\Source\ProjInitOrder\Util\TestUtil\TUPawn.cpp ) : Block entered
[2019.12.19-14.01.54:052][448]MyLog: ULogUtilLib::LogKeyedNameClassSafeC: This : (name="BP_TUPawn_C_0" class="BP_TUPawn_C") (line: 74 : D:\UNR_SCRIPT\SNIPPETS\InitOrder\ProjInitOrder\Source\ProjInitOrder\Util\Core\LogUtilLib.cpp )
[2019.12.19-14.01.54:056][448]MyLog: ATUPawn::PreInitializeComponents:  (line: 107 : D:\UNR_SCRIPT\SNIPPETS\InitOrder\ProjInitOrder\Source\ProjInitOrder\Util\TestUtil\TUPawn.cpp ) : Exiting block
[2019.12.19-14.01.54:060][448]MyLog: ATUPawn::PostInitializeComponents:  (line: 114 : D:\UNR_SCRIPT\SNIPPETS\InitOrder\ProjInitOrder\Source\ProjInitOrder\Util\TestUtil\TUPawn.cpp ) : Block entered
[2019.12.19-14.01.54:065][448]MyLog: ULogUtilLib::LogKeyedNameClassSafeC: This : (name="BP_TUPawn_C_0" class="BP_TUPawn_C") (line: 74 : D:\UNR_SCRIPT\SNIPPETS\InitOrder\ProjInitOrder\Source\ProjInitOrder\Util\Core\LogUtilLib.cpp )
[2019.12.19-14.01.54:068][448]MyLog: ATUPawn::PostInitializeComponents:  (line: 114 : D:\UNR_SCRIPT\SNIPPETS\InitOrder\ProjInitOrder\Source\ProjInitOrder\Util\TestUtil\TUPawn.cpp ) : Exiting block
[2019.12.19-14.01.56:680][475]LogEditorViewport: Clicking on Actor (LMB): BP_Sky_Sphere_C (Sky Sphere)
[2019.12.19-14.01.58:905][499]LogTemp: Repeating last play command: Selected Viewport
[2019.12.19-14.01.59:007][499]LogBlueprintUserMessages: Early PlayInEditor Detection: Level '/Game/MAP_INIT_ORDER.MAP_INIT_ORDER:PersistentLevel' has LevelScriptBlueprint '/Game/MAP_INIT_ORDER.MAP_INIT_ORDER:PersistentLevel.MAP_INIT_ORDER' with GeneratedClass '/Game/MAP_INIT_ORDER.MAP_INIT_ORDER_C' with ClassGeneratedBy '/Game/MAP_INIT_ORDER.MAP_INIT_ORDER:PersistentLevel.MAP_INIT_ORDER'
[2019.12.19-14.01.59:089][499]LogPlayLevel: PlayLevel: No blueprints needed recompiling
[2019.12.19-14.01.59:115][499]PIE: New page: PIE session: MAP_INIT_ORDER (20 дек. 2019 г., 1:01:59)
[2019.12.19-14.01.59:447][499]LogOnline: OSS: Creating online subsystem instance for: NULL
[2019.12.19-14.01.59:474][499]LogPlayLevel: Creating play world package: /Game/UEDPIE_0_MAP_INIT_ORDER
[2019.12.19-14.01.59:547][499]LogPlayLevel: PIE: StaticDuplicateObject took: (0.071575s)
[2019.12.19-14.01.59:564][499]LogAIModule: Creating AISystem for world MAP_INIT_ORDER
[2019.12.19-14.01.59:582][499]LogPlayLevel: PIE: World Init took: (0.034532s)
[2019.12.19-14.01.59:585][499]LogPlayLevel: PIE: Created PIE world by copying editor world from /Game/MAP_INIT_ORDER.MAP_INIT_ORDER to /Game/UEDPIE_0_MAP_INIT_ORDER.MAP_INIT_ORDER (0.110262s)
[2019.12.19-14.01.59:907][499]LogUObjectHash: Compacting FUObjectHashTables data took  27.19ms
[2019.12.19-14.02.00:096][499]LogInit: XAudio2 using 'Динамики (2- Устройство с поддержкой High Definition Audio)' : 2 channels at 48 kHz using 16 bits per sample (channel mask 0x3)
[2019.12.19-14.02.00:395][499]LogInit: FAudioDevice initialized.
[2019.12.19-14.02.00:471][499]LogSlate: FSceneViewport::OnFocusLost() reason 2
[2019.12.19-14.02.00:617][499]MyLog: UTUGameInstance::OnStart:  (line: 6 : D:\UNR_SCRIPT\SNIPPETS\InitOrder\ProjInitOrder\Source\ProjInitOrder\Util\TestUtil\TUGameInstance.cpp ) : Block entered
[2019.12.19-14.02.00:618][499]MyLog: ULogUtilLib::LogKeyedNameClassSafeC: This : (name="BP_TUGameInstance_C_0" class="BP_TUGameInstance_C") (line: 74 : D:\UNR_SCRIPT\SNIPPETS\InitOrder\ProjInitOrder\Source\ProjInitOrder\Util\Core\LogUtilLib.cpp )
[2019.12.19-14.02.00:619][499]MyLog: UTUGameInstance::OnStart:  (line: 6 : D:\UNR_SCRIPT\SNIPPETS\InitOrder\ProjInitOrder\Source\ProjInitOrder\Util\TestUtil\TUGameInstance.cpp ) : Exiting block
[2019.12.19-14.02.00:625][499]LogLoad: Game class is 'BP_TUGameMode_C'
[2019.12.19-14.02.00:798][499]LogWorld: Bringing World /Game/UEDPIE_0_MAP_INIT_ORDER.MAP_INIT_ORDER up for play (max tick rate 60) at 2019.12.19-19.02.00
[2019.12.19-14.02.00:799][499]MyLog: ATUGameMode::InitGame:  (line: 30 : D:\UNR_SCRIPT\SNIPPETS\InitOrder\ProjInitOrder\Source\ProjInitOrder\Util\TestUtil\TUGameMode.cpp ) : Block entered
[2019.12.19-14.02.00:800][499]MyLog: ULogUtilLib::LogKeyedNameClassSafeC: This : (name="BP_TUGameMode_C_0" class="BP_TUGameMode_C") (line: 74 : D:\UNR_SCRIPT\SNIPPETS\InitOrder\ProjInitOrder\Source\ProjInitOrder\Util\Core\LogUtilLib.cpp )
[2019.12.19-14.02.00:802][499]MyLog: ULogUtilLib::LogCStringC: MapName : "UEDPIE_0_MAP_INIT_ORDER" (line: 463 : D:\UNR_SCRIPT\SNIPPETS\InitOrder\ProjInitOrder\Source\ProjInitOrder\Util\Core\LogUtilLib.cpp )
[2019.12.19-14.02.00:803][499]MyLog: ULogUtilLib::LogCStringC: Options : "" (line: 463 : D:\UNR_SCRIPT\SNIPPETS\InitOrder\ProjInitOrder\Source\ProjInitOrder\Util\Core\LogUtilLib.cpp )
[2019.12.19-14.02.00:834][499]MyLog: ULogUtilLib::LogCStringC: ErrorMessage : "" (line: 463 : D:\UNR_SCRIPT\SNIPPETS\InitOrder\ProjInitOrder\Source\ProjInitOrder\Util\Core\LogUtilLib.cpp )
[2019.12.19-14.02.00:835][499]MyLog: ATUGameMode::InitGame:  (line: 30 : D:\UNR_SCRIPT\SNIPPETS\InitOrder\ProjInitOrder\Source\ProjInitOrder\Util\TestUtil\TUGameMode.cpp ) : Exiting block
[2019.12.19-14.02.00:866][499]MyLog: ATUGameMode::PreInitializeComponents:  (line: 15 : D:\UNR_SCRIPT\SNIPPETS\InitOrder\ProjInitOrder\Source\ProjInitOrder\Util\TestUtil\TUGameMode.cpp ) : Block entered
[2019.12.19-14.02.00:868][499]MyLog: ULogUtilLib::LogKeyedNameClassSafeC: This : (name="BP_TUGameMode_C_0" class="BP_TUGameMode_C") (line: 74 : D:\UNR_SCRIPT\SNIPPETS\InitOrder\ProjInitOrder\Source\ProjInitOrder\Util\Core\LogUtilLib.cpp )
[2019.12.19-14.02.00:871][499]MyLog: ATUGameMode::InitGameState:  (line: 46 : D:\UNR_SCRIPT\SNIPPETS\InitOrder\ProjInitOrder\Source\ProjInitOrder\Util\TestUtil\TUGameMode.cpp ) : Block entered
[2019.12.19-14.02.00:873][499]MyLog: ULogUtilLib::LogKeyedNameClassSafeC: This : (name="BP_TUGameMode_C_0" class="BP_TUGameMode_C") (line: 74 : D:\UNR_SCRIPT\SNIPPETS\InitOrder\ProjInitOrder\Source\ProjInitOrder\Util\Core\LogUtilLib.cpp )
[2019.12.19-14.02.00:875][499]MyLog: ATUGameMode::InitGameState:  (line: 46 : D:\UNR_SCRIPT\SNIPPETS\InitOrder\ProjInitOrder\Source\ProjInitOrder\Util\TestUtil\TUGameMode.cpp ) : Exiting block
[2019.12.19-14.02.00:877][499]MyLog: ATUGameMode::PreInitializeComponents:  (line: 15 : D:\UNR_SCRIPT\SNIPPETS\InitOrder\ProjInitOrder\Source\ProjInitOrder\Util\TestUtil\TUGameMode.cpp ) : Exiting block
[2019.12.19-14.02.00:879][499]LogWorld: Bringing up level for play took: 0.083074
[2019.12.19-14.02.00:955][499]LogOnline: OSS: Creating online subsystem instance for: :Context_2
[2019.12.19-14.02.00:960][499]MyLog: ATUGameMode::Login:  (line: 76 : D:\UNR_SCRIPT\SNIPPETS\InitOrder\ProjInitOrder\Source\ProjInitOrder\Util\TestUtil\TUGameMode.cpp ) : Block entered
[2019.12.19-14.02.00:962][499]MyLog: ULogUtilLib::LogKeyedNameClassSafeC: This : (name="BP_TUGameMode_C_0" class="BP_TUGameMode_C") (line: 74 : D:\UNR_SCRIPT\SNIPPETS\InitOrder\ProjInitOrder\Source\ProjInitOrder\Util\Core\LogUtilLib.cpp )
[2019.12.19-14.02.00:963][499]MyLog: ULogUtilLib::LogCStringC: Portal : "" (line: 463 : D:\UNR_SCRIPT\SNIPPETS\InitOrder\ProjInitOrder\Source\ProjInitOrder\Util\Core\LogUtilLib.cpp )
[2019.12.19-14.02.00:964][499]MyLog: ULogUtilLib::LogCStringC: Options : "?Name=DESKTOP-0LOKL9D-102928684306EEFC33AE9D8BEE72CC8D" (line: 463 : D:\UNR_SCRIPT\SNIPPETS\InitOrder\ProjInitOrder\Source\ProjInitOrder\Util\Core\LogUtilLib.cpp )
[2019.12.19-14.02.00:966][499]MyLog: ATUPlayerController::ATUPlayerController:  (line: 25 : D:\UNR_SCRIPT\SNIPPETS\InitOrder\ProjInitOrder\Source\ProjInitOrder\Util\TestUtil\TUPlayerController.cpp ) : Block entered
[2019.12.19-14.02.00:967][499]MyLog: ULogUtilLib::LogKeyedNameClassSafeC: This : (name="BP_TUPlayerController_C_0" class="BP_TUPlayerController_C") (line: 74 : D:\UNR_SCRIPT\SNIPPETS\InitOrder\ProjInitOrder\Source\ProjInitOrder\Util\Core\LogUtilLib.cpp )
[2019.12.19-14.02.00:968][499]MyLog: ATUPlayerController::ATUPlayerController:  (line: 25 : D:\UNR_SCRIPT\SNIPPETS\InitOrder\ProjInitOrder\Source\ProjInitOrder\Util\TestUtil\TUPlayerController.cpp ) : Exiting block
[2019.12.19-14.02.00:970][499]MyLog: ATUPlayerController::PostInitProperties:  (line: 33 : D:\UNR_SCRIPT\SNIPPETS\InitOrder\ProjInitOrder\Source\ProjInitOrder\Util\TestUtil\TUPlayerController.cpp ) : Block entered
[2019.12.19-14.02.00:971][499]MyLog: ULogUtilLib::LogKeyedNameClassSafeC: This : (name="BP_TUPlayerController_C_0" class="BP_TUPlayerController_C") (line: 74 : D:\UNR_SCRIPT\SNIPPETS\InitOrder\ProjInitOrder\Source\ProjInitOrder\Util\Core\LogUtilLib.cpp )
[2019.12.19-14.02.00:972][499]MyLog: ATUPlayerController::PostInitProperties:  (line: 33 : D:\UNR_SCRIPT\SNIPPETS\InitOrder\ProjInitOrder\Source\ProjInitOrder\Util\TestUtil\TUPlayerController.cpp ) : Exiting block
[2019.12.19-14.02.00:974][499]MyLog: ATUPlayerController::PreRegisterAllComponents:  (line: 39 : D:\UNR_SCRIPT\SNIPPETS\InitOrder\ProjInitOrder\Source\ProjInitOrder\Util\TestUtil\TUPlayerController.cpp ) : Block entered
[2019.12.19-14.02.00:975][499]MyLog: ULogUtilLib::LogKeyedNameClassSafeC: This : (name="BP_TUPlayerController_C_0" class="BP_TUPlayerController_C") (line: 74 : D:\UNR_SCRIPT\SNIPPETS\InitOrder\ProjInitOrder\Source\ProjInitOrder\Util\Core\LogUtilLib.cpp )
[2019.12.19-14.02.00:976][499]MyLog: ATUPlayerController::PreRegisterAllComponents:  (line: 39 : D:\UNR_SCRIPT\SNIPPETS\InitOrder\ProjInitOrder\Source\ProjInitOrder\Util\TestUtil\TUPlayerController.cpp ) : Exiting block
[2019.12.19-14.02.00:977][499]MyLog: ATUPlayerController::PostRegisterAllComponents:  (line: 46 : D:\UNR_SCRIPT\SNIPPETS\InitOrder\ProjInitOrder\Source\ProjInitOrder\Util\TestUtil\TUPlayerController.cpp ) : Block entered
[2019.12.19-14.02.00:978][499]MyLog: ULogUtilLib::LogKeyedNameClassSafeC: This : (name="BP_TUPlayerController_C_0" class="BP_TUPlayerController_C") (line: 74 : D:\UNR_SCRIPT\SNIPPETS\InitOrder\ProjInitOrder\Source\ProjInitOrder\Util\Core\LogUtilLib.cpp )
[2019.12.19-14.02.00:980][499]MyLog: ATUPlayerController::PostRegisterAllComponents:  (line: 46 : D:\UNR_SCRIPT\SNIPPETS\InitOrder\ProjInitOrder\Source\ProjInitOrder\Util\TestUtil\TUPlayerController.cpp ) : Exiting block
[2019.12.19-14.02.00:982][499]MyLog: ATUPlayerController::PreInitializeComponents:  (line: 53 : D:\UNR_SCRIPT\SNIPPETS\InitOrder\ProjInitOrder\Source\ProjInitOrder\Util\TestUtil\TUPlayerController.cpp ) : Block entered
[2019.12.19-14.02.00:984][499]MyLog: ULogUtilLib::LogKeyedNameClassSafeC: This : (name="BP_TUPlayerController_C_0" class="BP_TUPlayerController_C") (line: 74 : D:\UNR_SCRIPT\SNIPPETS\InitOrder\ProjInitOrder\Source\ProjInitOrder\Util\Core\LogUtilLib.cpp )
[2019.12.19-14.02.00:985][499]MyLog: ATUPlayerController::PreInitializeComponents:  (line: 53 : D:\UNR_SCRIPT\SNIPPETS\InitOrder\ProjInitOrder\Source\ProjInitOrder\Util\TestUtil\TUPlayerController.cpp ) : Exiting block
[2019.12.19-14.02.00:987][499]MyLog: ATUPlayerController::PostInitializeComponents:  (line: 60 : D:\UNR_SCRIPT\SNIPPETS\InitOrder\ProjInitOrder\Source\ProjInitOrder\Util\TestUtil\TUPlayerController.cpp ) : Block entered
[2019.12.19-14.02.00:989][499]MyLog: ULogUtilLib::LogKeyedNameClassSafeC: This : (name="BP_TUPlayerController_C_0" class="BP_TUPlayerController_C") (line: 74 : D:\UNR_SCRIPT\SNIPPETS\InitOrder\ProjInitOrder\Source\ProjInitOrder\Util\Core\LogUtilLib.cpp )
[2019.12.19-14.02.01:045][499]MyLog: ATUPlayerController::PostInitializeComponents:  (line: 60 : D:\UNR_SCRIPT\SNIPPETS\InitOrder\ProjInitOrder\Source\ProjInitOrder\Util\TestUtil\TUPlayerController.cpp ) : Exiting block
[2019.12.19-14.02.01:129][499]MyLog: ULogUtilLib::LogCStringC: ErrorMessage : "" (line: 463 : D:\UNR_SCRIPT\SNIPPETS\InitOrder\ProjInitOrder\Source\ProjInitOrder\Util\Core\LogUtilLib.cpp )
[2019.12.19-14.02.01:131][499]MyLog: ATUGameMode::Login:  (line: 76 : D:\UNR_SCRIPT\SNIPPETS\InitOrder\ProjInitOrder\Source\ProjInitOrder\Util\TestUtil\TUGameMode.cpp ) : Exiting block
[2019.12.19-14.02.01:133][499]MyLog: ATUPlayerController::SetupInputComponent:  (line: 87 : D:\UNR_SCRIPT\SNIPPETS\InitOrder\ProjInitOrder\Source\ProjInitOrder\Util\TestUtil\TUPlayerController.cpp ) : Block entered
[2019.12.19-14.02.01:135][499]MyLog: ULogUtilLib::LogKeyedNameClassSafeC: This : (name="BP_TUPlayerController_C_0" class="BP_TUPlayerController_C") (line: 74 : D:\UNR_SCRIPT\SNIPPETS\InitOrder\ProjInitOrder\Source\ProjInitOrder\Util\Core\LogUtilLib.cpp )
[2019.12.19-14.02.01:147][499]MyLog: ATUPlayerController::SetupInputComponent:  (line: 87 : D:\UNR_SCRIPT\SNIPPETS\InitOrder\ProjInitOrder\Source\ProjInitOrder\Util\TestUtil\TUPlayerController.cpp ) : Exiting block
[2019.12.19-14.02.01:291][499]MyLog: ATUGameMode::PostLogin:  (line: 93 : D:\UNR_SCRIPT\SNIPPETS\InitOrder\ProjInitOrder\Source\ProjInitOrder\Util\TestUtil\TUGameMode.cpp ) : Block entered
[2019.12.19-14.02.01:293][499]MyLog: ULogUtilLib::LogKeyedNameClassSafeC: This : (name="BP_TUGameMode_C_0" class="BP_TUGameMode_C") (line: 74 : D:\UNR_SCRIPT\SNIPPETS\InitOrder\ProjInitOrder\Source\ProjInitOrder\Util\Core\LogUtilLib.cpp )
[2019.12.19-14.02.01:294][499]MyLog: ULogUtilLib::LogKeyedNameClassSafeC: NewPlayer : (name="BP_TUPlayerController_C_0" class="BP_TUPlayerController_C") (line: 74 : D:\UNR_SCRIPT\SNIPPETS\InitOrder\ProjInitOrder\Source\ProjInitOrder\Util\Core\LogUtilLib.cpp )
[2019.12.19-14.02.01:620][499]LogContentBrowser: Native class hierarchy updated for 'MovieSceneCapture' in 0.0156 seconds. Added 20 classes and 0 folders.
[2019.12.19-14.02.01:646][499]MyLog: ATUPawn::ATUPawn:  (line: 21 : D:\UNR_SCRIPT\SNIPPETS\InitOrder\ProjInitOrder\Source\ProjInitOrder\Util\TestUtil\TUPawn.cpp ) : Block entered
[2019.12.19-14.02.01:646][499]MyLog: ULogUtilLib::LogKeyedNameClassSafeC: This : (name="BP_TUPawn_C_0" class="BP_TUPawn_C") (line: 74 : D:\UNR_SCRIPT\SNIPPETS\InitOrder\ProjInitOrder\Source\ProjInitOrder\Util\Core\LogUtilLib.cpp )
[2019.12.19-14.02.01:647][499]MyLog: ATUPawn::InitMesh: Default mesh ("StaticMesh'/Game/StarterContent/Shapes/Shape_Cube.Shape_Cube'") found, setting it up (line: 172 : D:\UNR_SCRIPT\SNIPPETS\InitOrder\ProjInitOrder\Source\ProjInitOrder\Util\TestUtil\TUPawn.cpp )
[2019.12.19-14.02.01:648][499]MyLog: ATUPawn::ATUPawn:  (line: 21 : D:\UNR_SCRIPT\SNIPPETS\InitOrder\ProjInitOrder\Source\ProjInitOrder\Util\TestUtil\TUPawn.cpp ) : Exiting block
[2019.12.19-14.02.01:649][499]MyLog: ATUPawn::PostInitProperties:  (line: 87 : D:\UNR_SCRIPT\SNIPPETS\InitOrder\ProjInitOrder\Source\ProjInitOrder\Util\TestUtil\TUPawn.cpp ) : Block entered
[2019.12.19-14.02.01:650][499]MyLog: ULogUtilLib::LogKeyedNameClassSafeC: This : (name="BP_TUPawn_C_0" class="BP_TUPawn_C") (line: 74 : D:\UNR_SCRIPT\SNIPPETS\InitOrder\ProjInitOrder\Source\ProjInitOrder\Util\Core\LogUtilLib.cpp )
[2019.12.19-14.02.01:651][499]MyLog: ATUPawn::PostInitProperties:  (line: 87 : D:\UNR_SCRIPT\SNIPPETS\InitOrder\ProjInitOrder\Source\ProjInitOrder\Util\TestUtil\TUPawn.cpp ) : Exiting block
[2019.12.19-14.02.01:651][499]MyLog: ATUPawn::PreRegisterAllComponents:  (line: 93 : D:\UNR_SCRIPT\SNIPPETS\InitOrder\ProjInitOrder\Source\ProjInitOrder\Util\TestUtil\TUPawn.cpp ) : Block entered
[2019.12.19-14.02.01:652][499]MyLog: ULogUtilLib::LogKeyedNameClassSafeC: This : (name="BP_TUPawn_C_0" class="BP_TUPawn_C") (line: 74 : D:\UNR_SCRIPT\SNIPPETS\InitOrder\ProjInitOrder\Source\ProjInitOrder\Util\Core\LogUtilLib.cpp )
[2019.12.19-14.02.01:653][499]MyLog: ATUPawn::PreRegisterAllComponents:  (line: 93 : D:\UNR_SCRIPT\SNIPPETS\InitOrder\ProjInitOrder\Source\ProjInitOrder\Util\TestUtil\TUPawn.cpp ) : Exiting block
[2019.12.19-14.02.01:861][499]MyLog: ATUPawn::PostRegisterAllComponents:  (line: 100 : D:\UNR_SCRIPT\SNIPPETS\InitOrder\ProjInitOrder\Source\ProjInitOrder\Util\TestUtil\TUPawn.cpp ) : Block entered
[2019.12.19-14.02.01:862][499]MyLog: ULogUtilLib::LogKeyedNameClassSafeC: This : (name="BP_TUPawn_C_0" class="BP_TUPawn_C") (line: 74 : D:\UNR_SCRIPT\SNIPPETS\InitOrder\ProjInitOrder\Source\ProjInitOrder\Util\Core\LogUtilLib.cpp )
[2019.12.19-14.02.01:863][499]MyLog: ATUPawn::PostRegisterAllComponents:  (line: 100 : D:\UNR_SCRIPT\SNIPPETS\InitOrder\ProjInitOrder\Source\ProjInitOrder\Util\TestUtil\TUPawn.cpp ) : Exiting block
[2019.12.19-14.02.01:864][499]MyLog: ATUPawn::PreInitializeComponents:  (line: 107 : D:\UNR_SCRIPT\SNIPPETS\InitOrder\ProjInitOrder\Source\ProjInitOrder\Util\TestUtil\TUPawn.cpp ) : Block entered
[2019.12.19-14.02.01:865][499]MyLog: ULogUtilLib::LogKeyedNameClassSafeC: This : (name="BP_TUPawn_C_0" class="BP_TUPawn_C") (line: 74 : D:\UNR_SCRIPT\SNIPPETS\InitOrder\ProjInitOrder\Source\ProjInitOrder\Util\Core\LogUtilLib.cpp )
[2019.12.19-14.02.01:866][499]MyLog: ATUPawn::PreInitializeComponents:  (line: 107 : D:\UNR_SCRIPT\SNIPPETS\InitOrder\ProjInitOrder\Source\ProjInitOrder\Util\TestUtil\TUPawn.cpp ) : Exiting block
[2019.12.19-14.02.01:881][499]MyLog: ATUPawn::PostInitializeComponents:  (line: 114 : D:\UNR_SCRIPT\SNIPPETS\InitOrder\ProjInitOrder\Source\ProjInitOrder\Util\TestUtil\TUPawn.cpp ) : Block entered
[2019.12.19-14.02.01:882][499]MyLog: ULogUtilLib::LogKeyedNameClassSafeC: This : (name="BP_TUPawn_C_0" class="BP_TUPawn_C") (line: 74 : D:\UNR_SCRIPT\SNIPPETS\InitOrder\ProjInitOrder\Source\ProjInitOrder\Util\Core\LogUtilLib.cpp )
[2019.12.19-14.02.01:883][499]MyLog: ATUPawn::PostInitializeComponents:  (line: 114 : D:\UNR_SCRIPT\SNIPPETS\InitOrder\ProjInitOrder\Source\ProjInitOrder\Util\TestUtil\TUPawn.cpp ) : Exiting block
[2019.12.19-14.02.02:048][499]MyLog: ATUPawn::PossessedBy:  (line: 36 : D:\UNR_SCRIPT\SNIPPETS\InitOrder\ProjInitOrder\Source\ProjInitOrder\Util\TestUtil\TUPawn.cpp ) : Block entered
[2019.12.19-14.02.02:049][499]MyLog: ULogUtilLib::LogKeyedNameClassSafeC: This : (name="BP_TUPawn_C_0" class="BP_TUPawn_C") (line: 74 : D:\UNR_SCRIPT\SNIPPETS\InitOrder\ProjInitOrder\Source\ProjInitOrder\Util\Core\LogUtilLib.cpp )
[2019.12.19-14.02.02:049][499]MyLog: ULogUtilLib::LogKeyedNameClassSafeC: InNewController : (name="BP_TUPlayerController_C_0" class="BP_TUPlayerController_C") (line: 74 : D:\UNR_SCRIPT\SNIPPETS\InitOrder\ProjInitOrder\Source\ProjInitOrder\Util\Core\LogUtilLib.cpp )
[2019.12.19-14.02.02:050][499]MyLog: ULogUtilLib::LogKeyedNameClassSafeC: GetController() Before SUPER : (nullptr) (line: 74 : D:\UNR_SCRIPT\SNIPPETS\InitOrder\ProjInitOrder\Source\ProjInitOrder\Util\Core\LogUtilLib.cpp )
[2019.12.19-14.02.02:051][499]MyLog: ULogUtilLib::LogKeyedNameClassSafeC: GetController() After SUPER : (name="BP_TUPlayerController_C_0" class="BP_TUPlayerController_C") (line: 74 : D:\UNR_SCRIPT\SNIPPETS\InitOrder\ProjInitOrder\Source\ProjInitOrder\Util\Core\LogUtilLib.cpp )
[2019.12.19-14.02.02:052][499]MyLog: ATUPawn::PossessedBy:  (line: 36 : D:\UNR_SCRIPT\SNIPPETS\InitOrder\ProjInitOrder\Source\ProjInitOrder\Util\TestUtil\TUPawn.cpp ) : Exiting block
[2019.12.19-14.02.02:062][499]MyLog: ATUPawn::Restart:  (line: 67 : D:\UNR_SCRIPT\SNIPPETS\InitOrder\ProjInitOrder\Source\ProjInitOrder\Util\TestUtil\TUPawn.cpp ) : Block entered
[2019.12.19-14.02.02:063][499]MyLog: ULogUtilLib::LogKeyedNameClassSafeC: This : (name="BP_TUPawn_C_0" class="BP_TUPawn_C") (line: 74 : D:\UNR_SCRIPT\SNIPPETS\InitOrder\ProjInitOrder\Source\ProjInitOrder\Util\Core\LogUtilLib.cpp )
[2019.12.19-14.02.02:063][499]MyLog: ATUPawn::Restart:  (line: 67 : D:\UNR_SCRIPT\SNIPPETS\InitOrder\ProjInitOrder\Source\ProjInitOrder\Util\TestUtil\TUPawn.cpp ) : Exiting block
[2019.12.19-14.02.02:064][499]MyLog: ATUPawn::BecomeViewTarget:  (line: 74 : D:\UNR_SCRIPT\SNIPPETS\InitOrder\ProjInitOrder\Source\ProjInitOrder\Util\TestUtil\TUPawn.cpp ) : Block entered
[2019.12.19-14.02.02:066][499]MyLog: ULogUtilLib::LogKeyedNameClassSafeC: This : (name="BP_TUPawn_C_0" class="BP_TUPawn_C") (line: 74 : D:\UNR_SCRIPT\SNIPPETS\InitOrder\ProjInitOrder\Source\ProjInitOrder\Util\Core\LogUtilLib.cpp )
[2019.12.19-14.02.02:067][499]MyLog: ULogUtilLib::LogKeyedNameClassSafeC: PC : (name="BP_TUPlayerController_C_0" class="BP_TUPlayerController_C") (line: 74 : D:\UNR_SCRIPT\SNIPPETS\InitOrder\ProjInitOrder\Source\ProjInitOrder\Util\Core\LogUtilLib.cpp )
[2019.12.19-14.02.02:068][499]MyLog: ATUPawn::BecomeViewTarget:  (line: 74 : D:\UNR_SCRIPT\SNIPPETS\InitOrder\ProjInitOrder\Source\ProjInitOrder\Util\TestUtil\TUPawn.cpp ) : Exiting block
[2019.12.19-14.02.02:115][499]MyLog: ATUGameMode::PostLogin:  (line: 93 : D:\UNR_SCRIPT\SNIPPETS\InitOrder\ProjInitOrder\Source\ProjInitOrder\Util\TestUtil\TUGameMode.cpp ) : Exiting block
[2019.12.19-14.02.02:218][499]LogBlueprintUserMessages: [MAP_INIT_ORDER_C_8] LevelBlueprint: BeginPlay (BEFORE super)
[2019.12.19-14.02.02:219][499]LogBlueprintUserMessages: [MAP_INIT_ORDER_C_8] LevelBlueprint: BeginPlay (AFTER super)
[2019.12.19-14.02.02:220][499]MyLog: ATUPlayerController::BeginPlay:  (line: 67 : D:\UNR_SCRIPT\SNIPPETS\InitOrder\ProjInitOrder\Source\ProjInitOrder\Util\TestUtil\TUPlayerController.cpp ) : Block entered
[2019.12.19-14.02.02:221][499]MyLog: ULogUtilLib::LogKeyedNameClassSafeC: This : (name="BP_TUPlayerController_C_0" class="BP_TUPlayerController_C") (line: 74 : D:\UNR_SCRIPT\SNIPPETS\InitOrder\ProjInitOrder\Source\ProjInitOrder\Util\Core\LogUtilLib.cpp )
[2019.12.19-14.02.02:223][499]MyLog: ATUPlayerController::BeginPlay:  (line: 67 : D:\UNR_SCRIPT\SNIPPETS\InitOrder\ProjInitOrder\Source\ProjInitOrder\Util\TestUtil\TUPlayerController.cpp ) : Exiting block
[2019.12.19-14.02.02:224][499]MyLog: ATUPawn::BeginPlay:  (line: 121 : D:\UNR_SCRIPT\SNIPPETS\InitOrder\ProjInitOrder\Source\ProjInitOrder\Util\TestUtil\TUPawn.cpp ) : Block entered
[2019.12.19-14.02.02:225][499]MyLog: ULogUtilLib::LogKeyedNameClassSafeC: This : (name="BP_TUPawn_C_0" class="BP_TUPawn_C") (line: 74 : D:\UNR_SCRIPT\SNIPPETS\InitOrder\ProjInitOrder\Source\ProjInitOrder\Util\Core\LogUtilLib.cpp )
[2019.12.19-14.02.02:226][499]MyLog: ATUPawn::MyBeginPlay_Implementation:  (line: 132 : D:\UNR_SCRIPT\SNIPPETS\InitOrder\ProjInitOrder\Source\ProjInitOrder\Util\TestUtil\TUPawn.cpp ) : Block entered
[2019.12.19-14.02.02:226][499]MyLog: ULogUtilLib::LogKeyedNameClassSafeC: This : (name="BP_TUPawn_C_0" class="BP_TUPawn_C") (line: 74 : D:\UNR_SCRIPT\SNIPPETS\InitOrder\ProjInitOrder\Source\ProjInitOrder\Util\Core\LogUtilLib.cpp )
[2019.12.19-14.02.02:227][499]MyLog: ATUPawn::MyBeginPlay_Implementation:  (line: 132 : D:\UNR_SCRIPT\SNIPPETS\InitOrder\ProjInitOrder\Source\ProjInitOrder\Util\TestUtil\TUPawn.cpp ) : Exiting block
[2019.12.19-14.02.02:228][499]MyLog: ATUPawn::BeginPlayFinished:  (line: 138 : D:\UNR_SCRIPT\SNIPPETS\InitOrder\ProjInitOrder\Source\ProjInitOrder\Util\TestUtil\TUPawn.cpp ) : Block entered
[2019.12.19-14.02.02:229][499]MyLog: ATUPlayerController::PawnBeginPlayEnded_Implementation:  (line: 81 : D:\UNR_SCRIPT\SNIPPETS\InitOrder\ProjInitOrder\Source\ProjInitOrder\Util\TestUtil\TUPlayerController.cpp ) : Block entered
[2019.12.19-14.02.02:230][499]MyLog: ULogUtilLib::LogKeyedNameClassSafeC: This : (name="BP_TUPlayerController_C_0" class="BP_TUPlayerController_C") (line: 74 : D:\UNR_SCRIPT\SNIPPETS\InitOrder\ProjInitOrder\Source\ProjInitOrder\Util\Core\LogUtilLib.cpp )
[2019.12.19-14.02.02:230][499]MyLog: ATUPlayerController::PawnBeginPlayEnded_Implementation:  (line: 81 : D:\UNR_SCRIPT\SNIPPETS\InitOrder\ProjInitOrder\Source\ProjInitOrder\Util\TestUtil\TUPlayerController.cpp ) : Exiting block
[2019.12.19-14.02.02:232][499]MyLog: ATUPawn::BeginPlayFinished:  (line: 138 : D:\UNR_SCRIPT\SNIPPETS\InitOrder\ProjInitOrder\Source\ProjInitOrder\Util\TestUtil\TUPawn.cpp ) : Exiting block
[2019.12.19-14.02.02:232][499]MyLog: ATUPawn::BeginPlay:  (line: 121 : D:\UNR_SCRIPT\SNIPPETS\InitOrder\ProjInitOrder\Source\ProjInitOrder\Util\TestUtil\TUPawn.cpp ) : Exiting block
[2019.12.19-14.02.02:248][499]PIE: Play in editor start time for /Game/UEDPIE_0_MAP_INIT_ORDER 2,78
[2019.12.19-14.02.02:250][499]LogBlueprintUserMessages: Late PlayInEditor Detection: Level '/Game/MAP_INIT_ORDER.MAP_INIT_ORDER:PersistentLevel' has LevelScriptBlueprint '/Game/MAP_INIT_ORDER.MAP_INIT_ORDER:PersistentLevel.MAP_INIT_ORDER' with GeneratedClass '/Game/MAP_INIT_ORDER.MAP_INIT_ORDER_C' with ClassGeneratedBy '/Game/MAP_INIT_ORDER.MAP_INIT_ORDER:PersistentLevel.MAP_INIT_ORDER'
[2019.12.19-14.02.17:490][682]LogUObjectHash: Compacting FUObjectHashTables data took  46.26ms
[2019.12.19-14.02.18:384][682]LogSlate: Window 'ProjInitOrder - Unreal Editor' being destroyed
[2019.12.19-14.02.18:406][682]LogWindowsTextInputMethodSystem: Display: IME system now deactivated.
[2019.12.19-14.02.23:498][682]LogBlueprintUserMessages: Early EndPlayMap Detection: Level '/Game/MAP_INIT_ORDER.MAP_INIT_ORDER:PersistentLevel' has LevelScriptBlueprint '/Game/MAP_INIT_ORDER.MAP_INIT_ORDER:PersistentLevel.MAP_INIT_ORDER' with GeneratedClass '/Game/MAP_INIT_ORDER.MAP_INIT_ORDER_C' with ClassGeneratedBy '/Game/MAP_INIT_ORDER.MAP_INIT_ORDER:PersistentLevel.MAP_INIT_ORDER'
[2019.12.19-14.02.23:560][682]MyLog: ATUPawn::UnPossessed:  (line: 52 : D:\UNR_SCRIPT\SNIPPETS\InitOrder\ProjInitOrder\Source\ProjInitOrder\Util\TestUtil\TUPawn.cpp ) : Block entered
[2019.12.19-14.02.23:565][682]MyLog: ULogUtilLib::LogKeyedNameClassSafeC: This : (name="BP_TUPawn_C_0" class="BP_TUPawn_C") (line: 74 : D:\UNR_SCRIPT\SNIPPETS\InitOrder\ProjInitOrder\Source\ProjInitOrder\Util\Core\LogUtilLib.cpp )
[2019.12.19-14.02.23:576][682]MyLog: ULogUtilLib::LogKeyedNameClassSafeC: GetController() Before SUPER : (name="BP_TUPlayerController_C_0" class="BP_TUPlayerController_C") (line: 74 : D:\UNR_SCRIPT\SNIPPETS\InitOrder\ProjInitOrder\Source\ProjInitOrder\Util\Core\LogUtilLib.cpp )
[2019.12.19-14.02.23:591][682]MyLog: ULogUtilLib::LogKeyedNameClassSafeC: GetController() After SUPER : (nullptr) (line: 74 : D:\UNR_SCRIPT\SNIPPETS\InitOrder\ProjInitOrder\Source\ProjInitOrder\Util\Core\LogUtilLib.cpp )
[2019.12.19-14.02.23:597][682]MyLog: ATUPawn::UnPossessed:  (line: 52 : D:\UNR_SCRIPT\SNIPPETS\InitOrder\ProjInitOrder\Source\ProjInitOrder\Util\TestUtil\TUPawn.cpp ) : Exiting block
[2019.12.19-14.02.23:689][682]MyLog: ATUPlayerController::EndPlay:  (line: 74 : D:\UNR_SCRIPT\SNIPPETS\InitOrder\ProjInitOrder\Source\ProjInitOrder\Util\TestUtil\TUPlayerController.cpp ) : Block entered
[2019.12.19-14.02.23:695][682]MyLog: ULogUtilLib::LogKeyedNameClassSafeC: This : (name="BP_TUPlayerController_C_0" class="BP_TUPlayerController_C") (line: 74 : D:\UNR_SCRIPT\SNIPPETS\InitOrder\ProjInitOrder\Source\ProjInitOrder\Util\Core\LogUtilLib.cpp )
[2019.12.19-14.02.23:707][682]MyLog: ATUPlayerController::EndPlay:  (line: 74 : D:\UNR_SCRIPT\SNIPPETS\InitOrder\ProjInitOrder\Source\ProjInitOrder\Util\TestUtil\TUPlayerController.cpp ) : Exiting block
[2019.12.19-14.02.23:744][682]LogSlate: Updating window title bar state: overlay mode, drag disabled, window buttons hidden, title bar hidden
[2019.12.19-14.02.23:868][682]LogWorld: BeginTearingDown for /Game/UEDPIE_0_MAP_INIT_ORDER
[2019.12.19-14.02.23:929][682]LogBlueprintUserMessages: [MAP_INIT_ORDER_C_8] LevelBlueprint: EndPlay (BEFORE super)
[2019.12.19-14.02.23:941][682]LogBlueprintUserMessages: [MAP_INIT_ORDER_C_8] LevelBlueprint: EndPlay (AFTER super)
[2019.12.19-14.02.23:964][682]LogWorld: UWorld::CleanupWorld for MAP_INIT_ORDER, bSessionEnded=true, bCleanupResources=true
[2019.12.19-14.02.24:315][682]LogPlayLevel: Display: Shutting down PIE online subsystems
[2019.12.19-14.02.24:318][682]LogBlueprintUserMessages: Late EndPlayMap Detection: Level '/Game/MAP_INIT_ORDER.MAP_INIT_ORDER:PersistentLevel' has LevelScriptBlueprint '/Game/MAP_INIT_ORDER.MAP_INIT_ORDER:PersistentLevel.MAP_INIT_ORDER' with GeneratedClass '/Game/MAP_INIT_ORDER.MAP_INIT_ORDER_C' with ClassGeneratedBy '/Game/MAP_INIT_ORDER.MAP_INIT_ORDER:PersistentLevel.MAP_INIT_ORDER'
[2019.12.19-14.02.25:248][682]LogSlate: Updating window title bar state: overlay mode, drag disabled, window buttons hidden, title bar hidden
[2019.12.19-14.02.25:550][682]LogUObjectHash: Compacting FUObjectHashTables data took  37.60ms
[2019.12.19-14.02.27:578][683]Cmd: QUIT_EDITOR
[2019.12.19-14.02.31:955][683]LogExit: Preparing to exit.
[2019.12.19-14.02.33:936][683]LogWorld: UWorld::CleanupWorld for World_0, bSessionEnded=true, bCleanupResources=true
[2019.12.19-14.02.34:438][683]LogDemo: Cleaned up 0 splitscreen connections with owner deletion
[2019.12.19-14.02.34:994][683]LogWorld: UWorld::CleanupWorld for None, bSessionEnded=true, bCleanupResources=true
[2019.12.19-14.02.34:995][683]LogExit: Editor shut down
[2019.12.19-14.02.34:996][683]LogExit: Transaction tracking system shut down
[2019.12.19-14.02.40:184][683]LogExit: Object subsystem successfully closed.
[2019.12.19-14.02.41:394][683]LogShaderCompilers: Display: Shaders left to compile 0
